c:\users\mateusz smuda\desktop\studia\colorblindsim\colorblindapp\x64\debug\vc143.pdb
c:\users\mateusz smuda\desktop\studia\colorblindsim\colorblindapp\x64\debug\vc143.idb
c:\users\mateusz smuda\desktop\studia\colorblindsim\colorblindapp\x64\debug\qrc_colorblindapp.obj
c:\users\mateusz smuda\desktop\studia\colorblindsim\colorblindapp\x64\debug\main.obj
c:\users\mateusz smuda\desktop\studia\colorblindsim\colorblindapp\x64\debug\colorblindapp.obj
c:\users\mateusz smuda\desktop\studia\colorblindsim\colorblindapp\x64\debug\moc_colorblindapp.obj
c:\users\mateusz smuda\desktop\studia\colorblindsim\colorblindapp\x64\debug\qt\uic\ui_colorblindapp.h
c:\users\mateusz smuda\desktop\studia\colorblindsim\colorblindapp\x64\debug\qt\rcc\qrc_colorblindapp.cpp
c:\users\mateusz smuda\desktop\studia\colorblindsim\colorblindapp\x64\debug\qt\moc\moc_colorblindapp.cpp
c:\users\mateusz smuda\desktop\studia\colorblindsim\x64\debug\colorblindapp.exe
c:\users\mateusz smuda\desktop\studia\colorblindsim\x64\debug\colorblindapp.pdb
c:\users\mateusz smuda\desktop\studia\colorblindsim\colorblindapp\x64\debug\colorblindapp.ilk
c:\users\mateusz smuda\desktop\studia\colorblindsim\colorblindapp\x64\debug\colorblindapp.tlog\cl.command.1.tlog
c:\users\mateusz smuda\desktop\studia\colorblindsim\colorblindapp\x64\debug\colorblindapp.tlog\cl.items.tlog
c:\users\mateusz smuda\desktop\studia\colorblindsim\colorblindapp\x64\debug\colorblindapp.tlog\cl.read.1.tlog
c:\users\mateusz smuda\desktop\studia\colorblindsim\colorblindapp\x64\debug\colorblindapp.tlog\cl.write.1.tlog
c:\users\mateusz smuda\desktop\studia\colorblindsim\colorblindapp\x64\debug\colorblindapp.tlog\colorblindapp.write.1u.tlog
c:\users\mateusz smuda\desktop\studia\colorblindsim\colorblindapp\x64\debug\colorblindapp.tlog\link.command.1.tlog
c:\users\mateusz smuda\desktop\studia\colorblindsim\colorblindapp\x64\debug\colorblindapp.tlog\link.read.1.tlog
c:\users\mateusz smuda\desktop\studia\colorblindsim\colorblindapp\x64\debug\colorblindapp.tlog\link.secondary.1.tlog
c:\users\mateusz smuda\desktop\studia\colorblindsim\colorblindapp\x64\debug\colorblindapp.tlog\link.write.1.tlog
c:\users\mateusz smuda\desktop\studia\colorblindsim\colorblindapp\x64\debug\colorblindapp.tlog\moc.read.1u.tlog
c:\users\mateusz smuda\desktop\studia\colorblindsim\colorblindapp\x64\debug\colorblindapp.tlog\moc.write.1u.tlog
c:\users\mateusz smuda\desktop\studia\colorblindsim\colorblindapp\x64\debug\colorblindapp.tlog\rcc.read.1u.tlog
c:\users\mateusz smuda\desktop\studia\colorblindsim\colorblindapp\x64\debug\colorblindapp.tlog\rcc.write.1u.tlog
c:\users\mateusz smuda\desktop\studia\colorblindsim\colorblindapp\x64\debug\colorblindapp.tlog\uic.read.1u.tlog
c:\users\mateusz smuda\desktop\studia\colorblindsim\colorblindapp\x64\debug\colorblindapp.tlog\uic.write.1u.tlog
