c:\users\mateusz smuda\desktop\studia\colorblindsim\colorblindasmlib\x64\release\colorblindasmlib.pch
c:\users\mateusz smuda\desktop\studia\colorblindsim\colorblindasmlib\x64\release\vc143.pdb
c:\users\mateusz smuda\desktop\studia\colorblindsim\colorblindasmlib\x64\release\pch.obj
c:\users\mateusz smuda\desktop\studia\colorblindsim\colorblindasmlib\x64\release\libraryexport.obj
c:\users\mateusz smuda\desktop\studia\colorblindsim\colorblindasmlib\x64\release\dllmain.obj
c:\users\mateusz smuda\desktop\studia\colorblindsim\x64\release\colorblindasmlib.dll
c:\users\mateusz smuda\desktop\studia\colorblindsim\x64\release\colorblindasmlib.pdb
c:\users\mateusz smuda\desktop\studia\colorblindsim\colorblindasmlib\x64\release\colorblindasm.obj
c:\users\mateusz smuda\desktop\studia\colorblindsim\x64\release\colorblindasmlib.lib
c:\users\mateusz smuda\desktop\studia\colorblindsim\x64\release\colorblindasmlib.exp
c:\users\mateusz smuda\desktop\studia\colorblindsim\colorblindasmlib\x64\release\colorblindasmlib.ipdb
c:\users\mateusz smuda\desktop\studia\colorblindsim\colorblindasmlib\x64\release\colorblindasmlib.iobj
c:\users\mateusz smuda\desktop\studia\colorblindsim\colorblindasmlib\x64\release\colorblindasmlib.tlog\cl.command.1.tlog
c:\users\mateusz smuda\desktop\studia\colorblindsim\colorblindasmlib\x64\release\colorblindasmlib.tlog\cl.items.tlog
c:\users\mateusz smuda\desktop\studia\colorblindsim\colorblindasmlib\x64\release\colorblindasmlib.tlog\cl.read.1.tlog
c:\users\mateusz smuda\desktop\studia\colorblindsim\colorblindasmlib\x64\release\colorblindasmlib.tlog\cl.write.1.tlog
c:\users\mateusz smuda\desktop\studia\colorblindsim\colorblindasmlib\x64\release\colorblindasmlib.tlog\link.command.1.tlog
c:\users\mateusz smuda\desktop\studia\colorblindsim\colorblindasmlib\x64\release\colorblindasmlib.tlog\link.read.1.tlog
c:\users\mateusz smuda\desktop\studia\colorblindsim\colorblindasmlib\x64\release\colorblindasmlib.tlog\link.secondary.1.tlog
c:\users\mateusz smuda\desktop\studia\colorblindsim\colorblindasmlib\x64\release\colorblindasmlib.tlog\link.write.1.tlog
c:\users\mateusz smuda\desktop\studia\colorblindsim\colorblindasmlib\x64\release\colorblindasmlib.tlog\masm.read.1u.tlog
c:\users\mateusz smuda\desktop\studia\colorblindsim\colorblindasmlib\x64\release\colorblindasmlib.tlog\masm.write.1u.tlog
