c:\users\mateusz smuda\desktop\studia\colorblindsim\colorblindapp\x64\release\vc143.pdb
c:\users\mateusz smuda\desktop\studia\colorblindsim\colorblindapp\x64\release\qrc_colorblindapp.obj
c:\users\mateusz smuda\desktop\studia\colorblindsim\colorblindapp\x64\release\colorblindapp.obj
c:\users\mateusz smuda\desktop\studia\colorblindsim\colorblindapp\x64\release\main.obj
c:\users\mateusz smuda\desktop\studia\colorblindsim\colorblindapp\x64\release\moc_colorblindapp.obj
c:\users\mateusz smuda\desktop\studia\colorblindsim\colorblindapp\x64\release\qt\uic\ui_colorblindapp.h
c:\users\mateusz smuda\desktop\studia\colorblindsim\colorblindapp\x64\release\qt\rcc\qrc_colorblindapp.cpp
c:\users\mateusz smuda\desktop\studia\colorblindsim\colorblindapp\x64\release\qt\moc\moc_colorblindapp.cpp
c:\users\mateusz smuda\desktop\studia\colorblindsim\x64\release\colorblindapp.exe
c:\users\mateusz smuda\desktop\studia\colorblindsim\colorblindapp\x64\release\colorblindapp.ipdb
c:\users\mateusz smuda\desktop\studia\colorblindsim\colorblindapp\x64\release\colorblindapp.iobj
c:\users\mateusz smuda\desktop\studia\colorblindsim\colorblindapp\x64\release\colorblindapp.tlog\cl.command.1.tlog
c:\users\mateusz smuda\desktop\studia\colorblindsim\colorblindapp\x64\release\colorblindapp.tlog\cl.items.tlog
c:\users\mateusz smuda\desktop\studia\colorblindsim\colorblindapp\x64\release\colorblindapp.tlog\cl.read.1.tlog
c:\users\mateusz smuda\desktop\studia\colorblindsim\colorblindapp\x64\release\colorblindapp.tlog\cl.write.1.tlog
c:\users\mateusz smuda\desktop\studia\colorblindsim\colorblindapp\x64\release\colorblindapp.tlog\colorblindapp.write.1u.tlog
c:\users\mateusz smuda\desktop\studia\colorblindsim\colorblindapp\x64\release\colorblindapp.tlog\link.command.1.tlog
c:\users\mateusz smuda\desktop\studia\colorblindsim\colorblindapp\x64\release\colorblindapp.tlog\link.read.1.tlog
c:\users\mateusz smuda\desktop\studia\colorblindsim\colorblindapp\x64\release\colorblindapp.tlog\link.secondary.1.tlog
c:\users\mateusz smuda\desktop\studia\colorblindsim\colorblindapp\x64\release\colorblindapp.tlog\link.write.1.tlog
c:\users\mateusz smuda\desktop\studia\colorblindsim\colorblindapp\x64\release\colorblindapp.tlog\moc.read.1u.tlog
c:\users\mateusz smuda\desktop\studia\colorblindsim\colorblindapp\x64\release\colorblindapp.tlog\moc.write.1u.tlog
c:\users\mateusz smuda\desktop\studia\colorblindsim\colorblindapp\x64\release\colorblindapp.tlog\rcc.read.1u.tlog
c:\users\mateusz smuda\desktop\studia\colorblindsim\colorblindapp\x64\release\colorblindapp.tlog\rcc.write.1u.tlog
c:\users\mateusz smuda\desktop\studia\colorblindsim\colorblindapp\x64\release\colorblindapp.tlog\uic.read.1u.tlog
c:\users\mateusz smuda\desktop\studia\colorblindsim\colorblindapp\x64\release\colorblindapp.tlog\uic.write.1u.tlog
